<?xml version="1.0" encoding="UTF-8"?>
<testng-results skipped="0" failed="0" total="3" passed="3">
  <reporter-output>
  </reporter-output>
  <suite name="LinksSuite" duration-ms="112827" started-at="2019-10-04T17:26:45Z" finished-at="2019-10-04T17:28:38Z">
    <groups>
    </groups>
    <test name="Test" duration-ms="112827" started-at="2019-10-04T17:26:45Z" finished-at="2019-10-04T17:28:38Z">
      <class name="workingWithLinks.CountClickGetUrlNavigate">
        <test-method status="PASS" signature="links()[pri:0, instance:workingWithLinks.CountClickGetUrlNavigate@7dc7cbad]" name="links" duration-ms="59722" started-at="2019-10-04T22:57:28Z" finished-at="2019-10-04T22:58:28Z">
          <reporter-output>
          </reporter-output>
        </test-method> <!-- links -->
      </class> <!-- workingWithLinks.CountClickGetUrlNavigate -->
      <class name="workingWithLinks.CountAndGetLinks">
        <test-method status="PASS" signature="open()[pri:0, instance:workingWithLinks.CountAndGetLinks@4f933fd1]" name="open" is-config="true" duration-ms="17094" started-at="2019-10-04T22:56:45Z" finished-at="2019-10-04T22:57:02Z">
          <reporter-output>
          </reporter-output>
        </test-method> <!-- open -->
        <test-method status="PASS" signature="open()[pri:0, instance:workingWithLinks.CountClickGetUrlNavigate@7dc7cbad]" name="open" is-config="true" duration-ms="13776" started-at="2019-10-04T22:57:02Z" finished-at="2019-10-04T22:57:16Z">
          <reporter-output>
          </reporter-output>
        </test-method> <!-- open -->
        <test-method status="PASS" signature="open()[pri:0, instance:workingWithLinks.CountVisibleAndHiddenLinks@d2cc05a]" name="open" is-config="true" duration-ms="12287" started-at="2019-10-04T22:57:16Z" finished-at="2019-10-04T22:57:28Z">
          <reporter-output>
          </reporter-output>
        </test-method> <!-- open -->
        <test-method status="PASS" signature="links()[pri:0, instance:workingWithLinks.CountAndGetLinks@4f933fd1]" name="links" duration-ms="2009" started-at="2019-10-04T22:58:33Z" finished-at="2019-10-04T22:58:35Z">
          <reporter-output>
          </reporter-output>
        </test-method> <!-- links -->
        <test-method status="PASS" signature="close()[pri:0, instance:workingWithLinks.CountAndGetLinks@4f933fd1]" name="close" is-config="true" duration-ms="800" started-at="2019-10-04T22:58:35Z" finished-at="2019-10-04T22:58:36Z">
          <reporter-output>
          </reporter-output>
        </test-method> <!-- close -->
        <test-method status="PASS" signature="close()[pri:0, instance:workingWithLinks.CountClickGetUrlNavigate@7dc7cbad]" name="close" is-config="true" duration-ms="1214" started-at="2019-10-04T22:58:36Z" finished-at="2019-10-04T22:58:37Z">
          <reporter-output>
          </reporter-output>
        </test-method> <!-- close -->
        <test-method status="PASS" signature="close()[pri:0, instance:workingWithLinks.CountVisibleAndHiddenLinks@d2cc05a]" name="close" is-config="true" duration-ms="588" started-at="2019-10-04T22:58:37Z" finished-at="2019-10-04T22:58:38Z">
          <reporter-output>
          </reporter-output>
        </test-method> <!-- close -->
      </class> <!-- workingWithLinks.CountAndGetLinks -->
      <class name="workingWithLinks.CountVisibleAndHiddenLinks">
        <test-method status="PASS" signature="links()[pri:0, instance:workingWithLinks.CountVisibleAndHiddenLinks@d2cc05a]" name="links" duration-ms="4888" started-at="2019-10-04T22:58:28Z" finished-at="2019-10-04T22:58:33Z">
          <reporter-output>
          </reporter-output>
        </test-method> <!-- links -->
      </class> <!-- workingWithLinks.CountVisibleAndHiddenLinks -->
    </test> <!-- Test -->
  </suite> <!-- LinksSuite -->
</testng-results>
