<?xml version="1.0" encoding="UTF-8"?>
<!-- Generated by org.testng.reporters.JUnitXMLReporter -->
<testsuite hostname="LB9903141" name="Test" tests="3" failures="0" timestamp="4 Oct 2019 17:28:39 GMT" time="112.827" errors="0">
  <testcase name="links" time="59.722" classname="workingWithLinks.CountClickGetUrlNavigate"/>
  <testcase name="links" time="4.888" classname="workingWithLinks.CountVisibleAndHiddenLinks"/>
  <testcase name="links" time="2.009" classname="workingWithLinks.CountAndGetLinks"/>
</testsuite> <!-- Test -->
